<?xml version="1.0" encoding="UTF-8"?>
<beans xmlns="http://www.springframework.org/schema/beans"
	xmlns:xsi="http://www.w3.org/2001/XMLSchema-instance"
	xmlns:context="http://www.springframework.org/schema/context"
	xsi:schemaLocation="http://www.springframework.org/schema/beans
							http://www.springframework.org/schema/beans/spring-beans-3.0.xsd
							http://www.springframework.org/schema/context
							http://www.springframework.org/schema/context/spring-context-3.0.xsd">

    <!--can't see a mailjimp-spring-config.xml anywhere-->
	<!--<import resource="classpath:mailjimp-spring-config.xml" />-->
	<!--<bean id="dailyDigest" class="ws.codesho.codeshows.models.DailyDigest" />-->
	<!--<context:component-scan base-package="ws.codesho.codeshows"/>-->

</beans>
